Arguments: 
  /usr/local/Cellar/node/12.5.0/bin/node /Users/stack72/.yarn/bin/yarn.js install

PATH: 
  /usr/local/opt/go@1.12/bin:/Users/stack72/google-cloud-sdk/bin:/Users/stack72/.yarn/bin:/Users/stack72/.config/yarn/global/node_modules/.bin:/usr/local/opt/go@1.12/bin:/Users/stack72/google-cloud-sdk/bin:/Users/stack72/.yarn/bin:/Users/stack72/.config/yarn/global/node_modules/.bin:/usr/local/opt/go@1.12/bin:/Users/stack72/google-cloud-sdk/bin:/Users/stack72/.yarn/bin:/Users/stack72/.config/yarn/global/node_modules/.bin:/usr/bin:/bin:/usr/sbin:/sbin:/usr/local/bin:/Users/stack72/Code/go/bin:/Users/stack72/.gem/bin:/Users/stack72/.pulumi/bin:/usr/local/bin:/Users/stack72/Code/go/bin:/Users/stack72/.gem/bin:/Users/stack72/.pulumi/bin:/usr/local/bin:/Users/stack72/Code/go/bin:/Users/stack72/.gem/bin:/Users/stack72/.pulumi/bin

Yarn version: 
  1.13.0

Node version: 
  12.5.0

Platform: 
  darwin x64

Trace: 
  Error: getaddrinfo ENOTFOUND registry.yarnpkg.com
      at GetAddrInfoReqWrap.onlookup [as oncomplete] (dns.js:60:26)

npm manifest: 
  {
      "name": "@pulumi/consul",
      "version": "${VERSION}",
      "description": "A Pulumi package for creating and managing consul resources.",
      "keywords": [
          "pulumi",
          "consul"
      ],
      "homepage": "https://pulumi.io",
      "repository": "https://github.com/pulumi/pulumi-consul",
      "license": "Apache-2.0",
      "scripts": {
          "build": "tsc"
      },
      "dependencies": {
          "@pulumi/pulumi": "latest"
      },
      "devDependencies": {
          "@types/mime": "^2.0.0",
          "@types/node": "^8.0.25",
          "typescript": "^3.4.1"
      },
      "pulumi": {
          "resource": true
      }
  }

yarn manifest: 
  No manifest

Lockfile: 
  No lockfile
